#
# There is insufficient memory for the Java Runtime Environment to continue.
# Native memory allocation (malloc) failed to allocate 986976 bytes for Chunk::new
# Possible reasons:
#   The system is out of physical RAM or swap space
#   The process is running with CompressedOops enabled, and the Java Heap may be blocking the growth of the native heap
# Possible solutions:
#   Reduce memory load on the system
#   Increase physical memory or swap space
#   Check if swap backing store is full
#   Decrease Java heap size (-Xmx/-Xms)
#   Decrease number of Java threads
#   Decrease Java thread stack sizes (-Xss)
#   Set larger code cache with -XX:ReservedCodeCacheSize=
#   JVM is running with Unscaled Compressed Oops mode in which the Java heap is
#     placed in the first 4GB address space. The Java Heap base address is the
#     maximum limit for the native heap growth. Please use -XX:HeapBaseMinAddress
#     to set the Java Heap base and to place the Java Heap above 4GB virtual address.
# This output file may be truncated or incomplete.
#
#  Out of Memory Error (allocation.cpp:389), pid=340, tid=0x0000000000001da0
#
# JRE version: OpenJDK Runtime Environment (8.0_202-b03) (build 1.8.0_202-release-1483-b03)
# Java VM: OpenJDK 64-Bit Server VM (25.202-b03 mixed mode windows-amd64 compressed oops)
# Failed to write core dump. Minidumps are not enabled by default on client versions of Windows
#

---------------  T H R E A D  ---------------

Current thread (0x00000000166cb000):  JavaThread "C2 CompilerThread0" daemon [_thread_in_native, id=7584, stack(0x0000000017d30000,0x0000000017e30000)]

Stack: [0x0000000017d30000,0x0000000017e30000]
[error occurred during error reporting (printing stack bounds), id 0xc0000005]

Native frames: (J=compiled Java code, j=interpreted, Vv=VM code, C=native code)


Current CompileTask:
C2:   7517 1386       4       java.net.URLClassLoader$1::run (5 bytes)


---------------  P R O C E S S  ---------------

Java Threads: ( => current thread )
  0x000000001815c800 JavaThread "File lock release action executor" [_thread_blocked, id=4212, stack(0x000000001b620000,0x000000001b720000)]
  0x000000001815c000 JavaThread "Cache worker for journal cache (C:\Users\hp\.gradle\caches\journal-1)" [_thread_blocked, id=7948, stack(0x000000001b420000,0x000000001b520000)]
  0x0000000018159800 JavaThread "File lock request listener" [_thread_in_native, id=1960, stack(0x000000001b320000,0x000000001b420000)]
  0x000000001815a800 JavaThread "Cache worker for file hash cache (C:\Users\hp\.gradle\caches\5.4.1\fileHashes)" [_thread_blocked, id=12132, stack(0x000000001b220000,0x000000001b320000)]
  0x00000000166ef000 JavaThread "Thread-9" [_thread_blocked, id=11224, stack(0x000000001b120000,0x000000001b220000)]
  0x0000000019a45800 JavaThread "Stdin handler" [_thread_blocked, id=4384, stack(0x000000001b020000,0x000000001b120000)]
  0x0000000019a44000 JavaThread "Asynchronous log dispatcher for DefaultDaemonConnection: socket connection from /127.0.0.1:50507 to /127.0.0.1:50508" [_thread_blocked, id=1232, stack(0x000000001ad20000,0x000000001ae20000)]
  0x0000000019a3c000 JavaThread "Daemon worker" [_thread_in_native, id=3276, stack(0x000000001ac20000,0x000000001ad20000)]
  0x0000000019a3b000 JavaThread "Cancel handler" [_thread_blocked, id=7112, stack(0x000000001ab20000,0x000000001ac20000)]
  0x0000000018766800 JavaThread "Handler for socket connection from /127.0.0.1:50507 to /127.0.0.1:50508" [_thread_in_native, id=6596, stack(0x000000001aa20000,0x000000001ab20000)]
  0x00000000199ea000 JavaThread "Daemon" [_thread_blocked, id=8000, stack(0x000000001a920000,0x000000001aa20000)]
  0x0000000018345800 JavaThread "Daemon periodic checks" [_thread_blocked, id=3316, stack(0x000000001a820000,0x000000001a920000)]
  0x00000000187fe000 JavaThread "Incoming local TCP Connector on port 50507" [_thread_in_native, id=11512, stack(0x000000001a640000,0x000000001a740000)]
  0x0000000019659000 JavaThread "Daemon health stats" [_thread_blocked, id=5324, stack(0x000000001a000000,0x000000001a100000)]
  0x0000000018033800 JavaThread "Service Thread" daemon [_thread_blocked, id=2632, stack(0x0000000018430000,0x0000000018530000)]
  0x000000001672d800 JavaThread "C1 CompilerThread2" daemon [_thread_blocked, id=11648, stack(0x0000000017f30000,0x0000000018030000)]
  0x000000001672a800 JavaThread "C2 CompilerThread1" daemon [_thread_blocked, id=11220, stack(0x0000000017e30000,0x0000000017f30000)]
=>0x00000000166cb000 JavaThread "C2 CompilerThread0" daemon [_thread_in_native, id=7584, stack(0x0000000017d30000,0x0000000017e30000)]
  0x00000000166c9800 JavaThread "Attach Listener" daemon [_thread_blocked, id=7800, stack(0x0000000017c30000,0x0000000017d30000)]
  0x00000000166c8000 JavaThread "Signal Dispatcher" daemon [_thread_blocked, id=5984, stack(0x0000000017b30000,0x0000000017c30000)]
  0x0000000002d2b800 JavaThread "Finalizer" daemon [_thread_blocked, id=5820, stack(0x0000000017940000,0x0000000017a40000)]
  0x00000000166b9000 JavaThread "Reference Handler" daemon [_thread_blocked, id=6176, stack(0x0000000017840000,0x0000000017940000)]
  0x0000000002c30800 JavaThread "main" [_thread_blocked, id=6664, stack(0x0000000002b20000,0x0000000002c20000)]

Other Threads:
  0x0000000016696800 VMThread [stack: 0x0000000017740000,0x0000000017840000] [id=7496]
  0x0000000018036000 WatcherThread [stack: 0x0000000018530000,0x0000000018630000] [id=4788]

VM state:not at safepoint (normal execution)

VM Mutex/Monitor currently owned by a thread: None

heap address: 0x00000000a0000000, size: 1536 MB, Compressed Oops mode: 32-bit
Narrow klass base: 0x0000000000000000, Narrow klass shift: 3
Compressed class space size: 1073741824 Address: 0x0000000100000000

Heap:
 PSYoungGen      total 71680K, used 51072K [0x00000000e0000000, 0x00000000e4b00000, 0x0000000100000000)
  eden space 66560K, 69% used [0x00000000e0000000,0x00000000e2d7fc30,0x00000000e4100000)
  from space 5120K, 87% used [0x00000000e4600000,0x00000000e4a605c0,0x00000000e4b00000)
  to   space 5120K, 0% used [0x00000000e4100000,0x00000000e4100000,0x00000000e4600000)
 ParOldGen       total 87552K, used 8K [0x00000000a0000000, 0x00000000a5580000, 0x00000000e0000000)
  object space 87552K, 0% used [0x00000000a0000000,0x00000000a0002000,0x00000000a5580000)
 Metaspace       used 14202K, capacity 14530K, committed 14720K, reserved 1062912K
  class space    used 1979K, capacity 2085K, committed 2176K, reserved 1048576K

Card table byte_map: [0x0000000012100000,0x0000000012410000] byte_map_base: 0x0000000011c00000

Marking Bits: (ParMarkBitMap*) 0x00000000751f9f30
 Begin Bits: [0x0000000012a10000, 0x0000000014210000)
 End Bits:   [0x0000000014210000, 0x0000000015a10000)

Polling page: 0x0000000002ae0000

CodeCache: size=245760Kb used=4953Kb max_used=4955Kb free=240806Kb
 bounds [0x0000000002d40000, 0x0000000003220000, 0x0000000011d40000]
 total_blobs=1778 nmethods=1397 adapters=294
 compilation: enabled

Compilation events (10 events):
Event: 7.451 Thread 0x000000001672d800 1393       3       java.lang.invoke.MemberName::flagsMods (72 bytes)
Event: 7.452 Thread 0x000000001672d800 nmethod 1393 0x000000000321a250 code [0x000000000321a3a0, 0x000000000321a510]
Event: 7.452 Thread 0x000000001672d800 1394       3       java.lang.invoke.MemberName::init (66 bytes)
Event: 7.452 Thread 0x000000001672d800 nmethod 1394 0x0000000003219ed0 code [0x000000000321a020, 0x000000000321a1d0]
Event: 7.452 Thread 0x000000001672d800 1396       3       java.lang.invoke.MethodTypeForm::canonicalizeAll (66 bytes)
Event: 7.453 Thread 0x000000001672d800 nmethod 1396 0x00000000032191d0 code [0x0000000003219380, 0x00000000032199b8]
Event: 7.453 Thread 0x000000001672d800 1397       3       java.lang.invoke.MethodType$ConcurrentWeakInternSet$WeakEntry::<init> (15 bytes)
Event: 7.453 Thread 0x000000001672d800 nmethod 1397 0x0000000003218ad0 code [0x0000000003218c60, 0x0000000003219048]
Event: 7.454 Thread 0x000000001672d800 1398       3       java.lang.invoke.LambdaForm$BasicType::basicTypeChar (8 bytes)
Event: 7.454 Thread 0x000000001672d800 nmethod 1398 0x0000000003218350 code [0x00000000032184e0, 0x00000000032188e8]

GC Heap History (4 events):
Event: 2.547 GC heap before
{Heap before GC invocations=1 (full 0):
 PSYoungGen      total 38400K, used 33280K [0x00000000e0000000, 0x00000000e2a80000, 0x0000000100000000)
  eden space 33280K, 100% used [0x00000000e0000000,0x00000000e2080000,0x00000000e2080000)
  from space 5120K, 0% used [0x00000000e2580000,0x00000000e2580000,0x00000000e2a80000)
  to   space 5120K, 0% used [0x00000000e2080000,0x00000000e2080000,0x00000000e2580000)
 ParOldGen       total 87552K, used 0K [0x00000000a0000000, 0x00000000a5580000, 0x00000000e0000000)
  object space 87552K, 0% used [0x00000000a0000000,0x00000000a0000000,0x00000000a5580000)
 Metaspace       used 6653K, capacity 6796K, committed 7040K, reserved 1056768K
  class space    used 811K, capacity 844K, committed 896K, reserved 1048576K
Event: 2.581 GC heap after
Heap after GC invocations=1 (full 0):
 PSYoungGen      total 38400K, used 4147K [0x00000000e0000000, 0x00000000e4b00000, 0x0000000100000000)
  eden space 33280K, 0% used [0x00000000e0000000,0x00000000e0000000,0x00000000e2080000)
  from space 5120K, 81% used [0x00000000e2080000,0x00000000e248cf00,0x00000000e2580000)
  to   space 5120K, 0% used [0x00000000e4600000,0x00000000e4600000,0x00000000e4b00000)
 ParOldGen       total 87552K, used 8K [0x00000000a0000000, 0x00000000a5580000, 0x00000000e0000000)
  object space 87552K, 0% used [0x00000000a0000000,0x00000000a0002000,0x00000000a5580000)
 Metaspace       used 6653K, capacity 6796K, committed 7040K, reserved 1056768K
  class space    used 811K, capacity 844K, committed 896K, reserved 1048576K
}
Event: 4.022 GC heap before
{Heap before GC invocations=2 (full 0):
 PSYoungGen      total 38400K, used 37427K [0x00000000e0000000, 0x00000000e4b00000, 0x0000000100000000)
  eden space 33280K, 100% used [0x00000000e0000000,0x00000000e2080000,0x00000000e2080000)
  from space 5120K, 81% used [0x00000000e2080000,0x00000000e248cf00,0x00000000e2580000)
  to   space 5120K, 0% used [0x00000000e4600000,0x00000000e4600000,0x00000000e4b00000)
 ParOldGen       total 87552K, used 8K [0x00000000a0000000, 0x00000000a5580000, 0x00000000e0000000)
  object space 87552K, 0% used [0x00000000a0000000,0x00000000a0002000,0x00000000a5580000)
 Metaspace       used 9034K, capacity 9370K, committed 9600K, reserved 1058816K
  class space    used 1183K, capacity 1293K, committed 1408K, reserved 1048576K
Event: 4.055 GC heap after
Heap after GC invocations=2 (full 0):
 PSYoungGen      total 71680K, used 4481K [0x00000000e0000000, 0x00000000e4b00000, 0x0000000100000000)
  eden space 66560K, 0% used [0x00000000e0000000,0x00000000e0000000,0x00000000e4100000)
  from space 5120K, 87% used [0x00000000e4600000,0x00000000e4a605c0,0x00000000e4b00000)
  to   space 5120K, 0% used [0x00000000e4100000,0x00000000e4100000,0x00000000e4600000)
 ParOldGen       total 87552K, used 8K [0x00000000a0000000, 0x00000000a5580000, 0x00000000e0000000)
  object space 87552K, 0% used [0x00000000a0000000,0x00000000a0002000,0x00000000a5580000)
 Metaspace       used 9034K, capacity 9370K, committed 9600K, reserved 1058816K
  class space    used 1183K, capacity 1293K, committed 1408K, reserved 1048576K
}

Deoptimization events (10 events):
Event: 5.230 Thread 0x0000000018766800 Uncommon trap: reason=unstable_if action=reinterpret pc=0x0000000003101330 method=java.util.concurrent.ConcurrentHashMap.putVal(Ljava/lang/Object;Ljava/lang/Object;Z)Ljava/lang/Object; @ 206
Event: 5.330 Thread 0x0000000019a3c000 Uncommon trap: reason=bimorphic action=maybe_recompile pc=0x0000000002fd6a34 method=java.util.HashMap.putVal(ILjava/lang/Object;Ljava/lang/Object;ZZ)Ljava/lang/Object; @ 253
Event: 5.331 Thread 0x0000000019a3c000 Uncommon trap: reason=bimorphic action=maybe_recompile pc=0x0000000002fd6a34 method=java.util.HashMap.putVal(ILjava/lang/Object;Ljava/lang/Object;ZZ)Ljava/lang/Object; @ 253
Event: 5.331 Thread 0x0000000019a3c000 Uncommon trap: reason=bimorphic action=maybe_recompile pc=0x0000000002fd6a34 method=java.util.HashMap.putVal(ILjava/lang/Object;Ljava/lang/Object;ZZ)Ljava/lang/Object; @ 253
Event: 5.331 Thread 0x0000000019a3c000 Uncommon trap: reason=bimorphic action=maybe_recompile pc=0x0000000002fd6a34 method=java.util.HashMap.putVal(ILjava/lang/Object;Ljava/lang/Object;ZZ)Ljava/lang/Object; @ 253
Event: 5.331 Thread 0x0000000019a3c000 Uncommon trap: reason=bimorphic action=maybe_recompile pc=0x0000000002fd1ee4 method=java.util.HashMap.putVal(ILjava/lang/Object;Ljava/lang/Object;ZZ)Ljava/lang/Object; @ 253
Event: 6.957 Thread 0x0000000019a3c000 Uncommon trap: reason=class_check action=maybe_recompile pc=0x0000000003026bd8 method=java.util.regex.Matcher.match(II)Z @ 86
Event: 6.992 Thread 0x0000000019a3c000 Uncommon trap: reason=class_check action=maybe_recompile pc=0x0000000003026bd8 method=java.util.regex.Matcher.match(II)Z @ 86
Event: 6.993 Thread 0x0000000019a3c000 Uncommon trap: reason=class_check action=maybe_recompile pc=0x0000000003026bd8 method=java.util.regex.Matcher.match(II)Z @ 86
Event: 6.993 Thread 0x0000000019a3c000 Uncommon trap: reason=class_check action=maybe_recompile pc=0x0000000002fe549c method=java.util.regex.Matcher.match(II)Z @ 86

Classes redefined (0 events):
No events

Internal exceptions (10 events):
Event: 3.946 Thread 0x0000000002c30800 Exception <a 'java/lang/NoSuchFieldError': method resolution failed> (0x00000000e1fa7328) thrown at [D:\src\AOSP-openjdk-cygwin\jdk8u\hotspot\src\share\vm\prims\methodHandles.cpp, line 1167]
Event: 3.950 Thread 0x0000000002c30800 Exception <a 'java/lang/NoSuchFieldError': method resolution failed> (0x00000000e1fb5048) thrown at [D:\src\AOSP-openjdk-cygwin\jdk8u\hotspot\src\share\vm\prims\methodHandles.cpp, line 1167]
Event: 5.084 Thread 0x0000000002c30800 Exception <a 'java/io/IOException'> (0x00000000e0871a08) thrown at [D:\src\AOSP-openjdk-cygwin\jdk8u\hotspot\src\share\vm\prims\jni.cpp, line 710]
Event: 5.231 Thread 0x0000000018766800 Exception <a 'java/lang/NoSuchMethodError': <clinit>> (0x00000000e0b2b488) thrown at [D:\src\AOSP-openjdk-cygwin\jdk8u\hotspot\src\share\vm\prims\jni.cpp, line 1614]
Event: 5.236 Thread 0x0000000018766800 Exception <a 'java/lang/NoSuchMethodError': <clinit>> (0x00000000e0b35238) thrown at [D:\src\AOSP-openjdk-cygwin\jdk8u\hotspot\src\share\vm\prims\jni.cpp, line 1614]
Event: 5.238 Thread 0x0000000018766800 Exception <a 'java/lang/NoSuchMethodError': <clinit>> (0x00000000e0b493a8) thrown at [D:\src\AOSP-openjdk-cygwin\jdk8u\hotspot\src\share\vm\prims\jni.cpp, line 1614]
Event: 5.257 Thread 0x0000000018766800 Exception <a 'java/lang/NoSuchMethodError': <clinit>> (0x00000000e0ba4198) thrown at [D:\src\AOSP-openjdk-cygwin\jdk8u\hotspot\src\share\vm\prims\jni.cpp, line 1614]
Event: 5.274 Thread 0x0000000018766800 Exception <a 'java/lang/NoSuchMethodError': <clinit>> (0x00000000e0bdbca8) thrown at [D:\src\AOSP-openjdk-cygwin\jdk8u\hotspot\src\share\vm\prims\jni.cpp, line 1614]
Event: 5.285 Thread 0x0000000018766800 Exception <a 'java/lang/NoSuchMethodError': <clinit>> (0x00000000e0c11c90) thrown at [D:\src\AOSP-openjdk-cygwin\jdk8u\hotspot\src\share\vm\prims\jni.cpp, line 1614]
Event: 5.286 Thread 0x0000000018766800 Exception <a 'java/lang/NoSuchMethodError': <clinit>> (0x00000000e0c1d708) thrown at [D:\src\AOSP-openjdk-cygwin\jdk8u\hotspot\src\share\vm\prims\jni.cpp, line 1614]

Events (10 events):
Event: 7.469 loading class org/gradle/api/internal/artifacts/ivyservice/modulecache/artifacts/ModuleArtifactsCache
Event: 7.469 loading class org/gradle/api/internal/artifacts/ivyservice/modulecache/artifacts/ModuleArtifactsCache done
Event: 7.469 loading class org/gradle/api/internal/artifacts/ivyservice/modulecache/artifacts/DefaultModuleArtifactsCache
Event: 7.469 loading class org/gradle/api/internal/artifacts/ivyservice/modulecache/artifacts/DefaultModuleArtifactsCache done
Event: 7.470 loading class org/gradle/api/internal/artifacts/ivyservice/modulecache/artifacts/ModuleArtifactCache
Event: 7.470 loading class org/gradle/api/internal/artifacts/ivyservice/modulecache/artifacts/ModuleArtifactCache done
Event: 7.470 loading class org/gradle/api/internal/artifacts/ivyservice/resolveengine/result/AttributeContainerSerializer
Event: 7.470 loading class org/gradle/api/internal/artifacts/ivyservice/resolveengine/result/AttributeContainerSerializer done
Event: 7.495 loading class org/gradle/api/internal/artifacts/DependencyManagementServices
Event: 7.495 loading class org/gradle/api/internal/artifacts/DependencyManagementServices done


Dynamic libraries:
0x00007ff680ae0000 - 0x00007ff680b11000 	C:\Program Files\Android\Android Studio8\jre\bin\java.exe
0x00007ff98b950000 - 0x00007ff98bb12000 	C:\Windows\SYSTEM32\ntdll.dll
0x00007ff98b040000 - 0x00007ff98b0ed000 	C:\Windows\system32\KERNEL32.DLL
0x00007ff988e40000 - 0x00007ff98901d000 	C:\Windows\system32\KERNELBASE.dll
0x00007ff9895f0000 - 0x00007ff989696000 	C:\Windows\system32\ADVAPI32.dll
0x00007ff989700000 - 0x00007ff98979d000 	C:\Windows\system32\msvcrt.dll
0x00007ff9896a0000 - 0x00007ff9896fb000 	C:\Windows\system32\sechost.dll
0x00007ff98b3a0000 - 0x00007ff98b4c6000 	C:\Windows\system32\RPCRT4.dll
0x00007ff98b650000 - 0x00007ff98b79e000 	C:\Windows\system32\USER32.dll
0x00007ff989230000 - 0x00007ff9893b5000 	C:\Windows\system32\GDI32.dll
0x00007ff97aee0000 - 0x00007ff97b154000 	C:\Windows\WinSxS\amd64_microsoft.windows.common-controls_6595b64144ccf1df_6.0.10240.16384_none_f41f7b285750ef43\COMCTL32.dll
0x00007ff9891f0000 - 0x00007ff989226000 	C:\Windows\system32\IMM32.DLL
0x00007ff989420000 - 0x00007ff98957c000 	C:\Windows\system32\MSCTF.dll
0x0000000074950000 - 0x0000000074a22000 	C:\Program Files\Android\Android Studio8\jre\jre\bin\msvcr100.dll
0x0000000074a30000 - 0x0000000075276000 	C:\Program Files\Android\Android Studio8\jre\jre\bin\server\jvm.dll
0x00007ff98b640000 - 0x00007ff98b648000 	C:\Windows\system32\PSAPI.DLL
0x00007ff980c50000 - 0x00007ff980c59000 	C:\Windows\SYSTEM32\WSOCK32.dll
0x00007ff97a1d0000 - 0x00007ff97a1f3000 	C:\Windows\SYSTEM32\WINMM.dll
0x00007ff98afd0000 - 0x00007ff98b039000 	C:\Windows\system32\WS2_32.dll
0x00007ff97ee00000 - 0x00007ff97ee0a000 	C:\Windows\SYSTEM32\VERSION.dll
0x00007ff989580000 - 0x00007ff989588000 	C:\Windows\system32\NSI.dll
0x00007ff979d40000 - 0x00007ff979d6c000 	C:\Windows\SYSTEM32\WINMMBASE.dll
0x00007ff988700000 - 0x00007ff988744000 	C:\Windows\system32\cfgmgr32.dll
0x00007ff986cf0000 - 0x00007ff986d17000 	C:\Windows\SYSTEM32\DEVOBJ.dll
0x00007ff97fd70000 - 0x00007ff97fd7f000 	C:\Program Files\Android\Android Studio8\jre\jre\bin\verify.dll
0x00007ff97b510000 - 0x00007ff97b539000 	C:\Program Files\Android\Android Studio8\jre\jre\bin\java.dll
0x00007ff97a3e0000 - 0x00007ff97a3f6000 	C:\Program Files\Android\Android Studio8\jre\jre\bin\zip.dll
0x00007ff9897a0000 - 0x00007ff98acc5000 	C:\Windows\system32\SHELL32.dll
0x00007ff988750000 - 0x00007ff988d78000 	C:\Windows\system32\windows.storage.dll
0x00007ff98b0f0000 - 0x00007ff98b36c000 	C:\Windows\system32\combase.dll
0x00007ff989590000 - 0x00007ff9895e1000 	C:\Windows\system32\shlwapi.dll
0x00007ff988380000 - 0x00007ff98838f000 	C:\Windows\system32\kernel.appcore.dll
0x00007ff988d80000 - 0x00007ff988e33000 	C:\Windows\system32\shcore.dll
0x00007ff9883b0000 - 0x00007ff9883fa000 	C:\Windows\system32\powrprof.dll
0x00007ff988390000 - 0x00007ff9883a3000 	C:\Windows\system32\profapi.dll
0x00007ff97a350000 - 0x00007ff97a36a000 	C:\Program Files\Android\Android Studio8\jre\jre\bin\net.dll
0x00007ff987b90000 - 0x00007ff987bed000 	C:\Windows\system32\mswsock.dll
0x00007ff97a330000 - 0x00007ff97a341000 	C:\Program Files\Android\Android Studio8\jre\jre\bin\nio.dll
0x00007ff97b5b0000 - 0x00007ff97b5d6000 	C:\Users\hp\.gradle\native\29\windows-amd64\native-platform.dll
0x00007ff97fd60000 - 0x00007ff97fd6d000 	C:\Program Files\Android\Android Studio8\jre\jre\bin\management.dll
0x00007ff987bf0000 - 0x00007ff987c07000 	C:\Windows\SYSTEM32\CRYPTSP.dll
0x00007ff9882b0000 - 0x00007ff9882d8000 	C:\Windows\SYSTEM32\bcrypt.dll
0x00007ff987840000 - 0x00007ff987873000 	C:\Windows\system32\rsaenh.dll
0x00007ff987970000 - 0x00007ff98798f000 	C:\Windows\SYSTEM32\USERENV.dll
0x00007ff988140000 - 0x00007ff9881ab000 	C:\Windows\system32\bcryptprimitives.dll
0x00007ff987d60000 - 0x00007ff987d6b000 	C:\Windows\SYSTEM32\CRYPTBASE.dll
0x00007ff982d30000 - 0x00007ff982d68000 	C:\Windows\SYSTEM32\IPHLPAPI.DLL
0x00007ff982d70000 - 0x00007ff982d7b000 	C:\Windows\SYSTEM32\WINNSI.DLL
0x00007ff982c30000 - 0x00007ff982c46000 	C:\Windows\SYSTEM32\dhcpcsvc6.DLL
0x00007ff982c10000 - 0x00007ff982c2a000 	C:\Windows\SYSTEM32\dhcpcsvc.DLL

VM Arguments:
jvm_args: -Xmx1536m -Dfile.encoding=windows-1252 -Duser.country=US -Duser.language=en -Duser.variant 
java_command: org.gradle.launcher.daemon.bootstrap.GradleDaemon 5.4.1
java_class_path (initial): C:\Users\hp\.gradle\wrapper\dists\gradle-5.4.1-all\3221gyojl5jsh0helicew7rwx\gradle-5.4.1\lib\gradle-launcher-5.4.1.jar
Launcher Type: SUN_STANDARD

Environment Variables:
PATH=C:\Program Files\Java\jdk-11.0.6\bin;C:\Program Files\Git\cmd;C:\Users\hp\AppData\Local\GitHubDesktop\bin
USERNAME=hp
OS=Windows_NT
PROCESSOR_IDENTIFIER=Intel64 Family 6 Model 142 Stepping 9, GenuineIntel



---------------  S Y S T E M  ---------------

OS: Windows 10.0 , 64 bit Build 10240 (10.0.10240.16384)

CPU:total 4 (initial active 4) (2 cores per cpu, 2 threads per core) family 6 model 142 stepping 9, cmov, cx8, fxsr, mmx, sse, sse2, sse3, ssse3, sse4.1, sse4.2, popcnt, avx, avx2, aes, clmul, erms, 3dnowpref, lzcnt, ht, tsc, tscinvbit, bmi1, bmi2, adx

Memory: 4k page, physical 8265080k(1838604k free), swap 21001076k(5376k free)

vm_info: OpenJDK 64-Bit Server VM (25.202-b03) for windows-amd64 JRE (1.8.0_202-release-1483-b03), built by "builder" with MS VC++ 10.0 (VS2010)

time: Thu May 14 20:49:50 2020
timezone: India Standard Time
elapsed time: 7 seconds (0d 0h 0m 7s)

